{"level":"info","message":"Received GET request for /","timestamp":"2024-11-02T12:29:40.894Z"}
{"level":"info","message":"Received GET request for /tasks","timestamp":"2024-11-02T12:31:03.373Z"}
{"level":"info","message":"Received GET request for /tasks","timestamp":"2024-11-02T12:31:03.391Z"}
{"level":"info","message":"Received GET request for /tasks","timestamp":"2024-11-02T12:31:06.006Z"}
{"level":"info","message":"Received GET request for /tasks","timestamp":"2024-11-02T12:31:06.008Z"}
{"level":"info","message":"Received GET request for /tasks","timestamp":"2024-11-02T12:31:36.236Z"}
{"level":"info","message":"Received GET request for /tasks","timestamp":"2024-11-02T12:31:36.245Z"}
{"level":"info","message":"Received GET request for /tasks","timestamp":"2024-11-02T12:31:55.729Z"}
{"level":"info","message":"Received GET request for /tasks","timestamp":"2024-11-02T12:31:55.732Z"}
{"level":"info","message":"Received GET request for /tasks","timestamp":"2024-11-02T12:32:17.522Z"}
{"level":"info","message":"Received GET request for /tasks","timestamp":"2024-11-02T12:32:17.531Z"}
{"level":"info","message":"Received GET request for /tasks","timestamp":"2024-11-02T12:33:05.813Z"}
{"level":"info","message":"Received GET request for /tasks","timestamp":"2024-11-02T12:33:05.817Z"}
{"level":"info","message":"Received GET request for /tasks","timestamp":"2024-11-02T12:33:44.466Z"}
{"level":"info","message":"Received GET request for /tasks","timestamp":"2024-11-02T12:33:44.470Z"}
{"level":"info","message":"Received GET request for /tasks","timestamp":"2024-11-02T12:34:01.498Z"}
{"level":"info","message":"Received GET request for /tasks","timestamp":"2024-11-02T12:34:01.501Z"}
{"level":"info","message":"Received GET request for /tasks","timestamp":"2024-11-02T12:34:44.061Z"}
{"level":"info","message":"Received GET request for /tasks","timestamp":"2024-11-02T12:34:44.064Z"}
{"level":"info","message":"Received GET request for /tasks","timestamp":"2024-11-02T12:35:10.865Z"}
{"level":"info","message":"Received GET request for /tasks","timestamp":"2024-11-02T12:35:10.870Z"}
{"level":"info","message":"Received GET request for /tasks","timestamp":"2024-11-02T12:40:40.943Z"}
{"level":"info","message":"Received GET request for /tasks","timestamp":"2024-11-02T12:40:40.950Z"}
{"level":"info","message":"Received GET request for /tasks","timestamp":"2024-11-02T12:40:55.121Z"}
{"level":"info","message":"Received GET request for /tasks","timestamp":"2024-11-02T12:40:55.126Z"}
{"level":"info","message":"Received GET request for /tasks","timestamp":"2024-11-02T12:40:58.503Z"}
{"level":"info","message":"Received GET request for /tasks","timestamp":"2024-11-02T12:40:58.507Z"}
{"level":"info","message":"Received GET request for /tasks","timestamp":"2024-11-02T12:43:40.543Z"}
{"level":"info","message":"Received GET request for /tasks","timestamp":"2024-11-02T12:43:40.546Z"}
{"level":"info","message":"Received GET request for /tasks","timestamp":"2024-11-02T12:43:44.941Z"}
{"level":"info","message":"Received GET request for /tasks","timestamp":"2024-11-02T12:43:44.948Z"}
{"level":"info","message":"Received GET request for /tasks","timestamp":"2024-11-02T12:43:45.778Z"}
{"level":"info","message":"Received GET request for /tasks","timestamp":"2024-11-02T12:43:45.783Z"}
{"level":"info","message":"Received GET request for /tasks","timestamp":"2024-11-02T12:43:50.062Z"}
{"level":"info","message":"Received GET request for /tasks","timestamp":"2024-11-02T12:43:50.068Z"}
{"level":"info","message":"Received GET request for /tasks","timestamp":"2024-11-02T12:44:41.637Z"}
{"level":"info","message":"Received GET request for /","timestamp":"2024-11-02T12:48:20.112Z"}
{"level":"info","message":"Received GET request for /","timestamp":"2024-11-02T12:48:21.649Z"}
{"level":"info","message":"Received GET request for /","timestamp":"2024-11-02T12:49:03.554Z"}
{"level":"error","message":"Route not found","timestamp":"2024-11-02T12:49:03.558Z"}
{"level":"info","message":"Received GET request for /favicon.ico","timestamp":"2024-11-02T12:49:03.596Z"}
{"level":"error","message":"Route not found","timestamp":"2024-11-02T12:49:03.596Z"}
{"level":"info","message":"Received GET request for /","timestamp":"2024-11-02T12:49:24.252Z"}
{"level":"error","message":"Route not found","timestamp":"2024-11-02T12:49:24.254Z"}
{"level":"info","message":"Received GET request for /tasks","timestamp":"2024-11-02T12:49:34.020Z"}
{"level":"info","message":"Received GET request for /tasks","timestamp":"2024-11-02T12:53:03.818Z"}
{"level":"info","message":"Received GET request for /tasks","timestamp":"2024-11-03T03:03:07.243Z"}
{"level":"info","message":"Received GET request for /tasks","timestamp":"2024-11-03T03:03:48.312Z"}
{"level":"info","message":"Received GET request for /tasks","timestamp":"2024-11-03T03:03:52.102Z"}
{"level":"info","message":"Received GET request for /tasks","timestamp":"2024-11-03T03:03:52.488Z"}
{"level":"info","message":"Received GET request for /tasks","timestamp":"2024-11-03T03:04:03.670Z"}
{"level":"info","message":"Received GET request for /tasks","timestamp":"2024-11-03T03:04:42.860Z"}
{"level":"info","message":"Received GET request for /tasks","timestamp":"2024-11-03T03:04:46.554Z"}
{"level":"info","message":"Received GET request for /tasks","timestamp":"2024-11-03T03:04:53.955Z"}
{"level":"info","message":"Received GET request for /tasks","timestamp":"2024-11-03T03:04:54.702Z"}
{"level":"info","message":"Received GET request for /tasks","timestamp":"2024-11-03T03:05:07.059Z"}
{"level":"info","message":"Received GET request for /tasks","timestamp":"2024-11-03T03:05:12.624Z"}
{"level":"info","message":"Received GET request for /tasks","timestamp":"2024-11-03T03:05:20.938Z"}
{"level":"info","message":"Received GET request for /tasks","timestamp":"2024-11-03T03:05:36.864Z"}
{"level":"info","message":"Received GET request for /tasks","timestamp":"2024-11-03T03:05:36.979Z"}
{"level":"info","message":"Received GET request for /tasks","timestamp":"2024-11-03T03:06:08.024Z"}
{"level":"info","message":"Received GET request for /tasks","timestamp":"2024-11-03T03:06:37.310Z"}
{"level":"info","message":"Received GET request for /tasks","timestamp":"2024-11-03T03:11:18.546Z"}
{"level":"info","message":"Received GET request for /tasks","timestamp":"2024-11-03T03:11:58.657Z"}
{"level":"info","message":"Received GET request for /tasks","timestamp":"2024-11-03T03:12:20.334Z"}
{"level":"info","message":"Received GET request for /tasks","timestamp":"2024-11-03T03:12:22.769Z"}
{"level":"info","message":"Received GET request for /tasks","timestamp":"2024-11-03T03:14:17.671Z"}
{"level":"info","message":"Received GET request for /tasks","timestamp":"2024-11-03T03:14:23.969Z"}
{"level":"info","message":"Received GET request for /tasks","timestamp":"2024-11-03T03:14:30.254Z"}
{"level":"info","message":"Received GET request for /tasks","timestamp":"2024-11-03T03:14:32.488Z"}
{"level":"info","message":"Received GET request for /tasks","timestamp":"2024-11-03T03:14:35.888Z"}
{"level":"info","message":"Received GET request for /tasks","timestamp":"2024-11-03T03:14:42.185Z"}
{"level":"info","message":"Received GET request for /tasks","timestamp":"2024-11-03T03:15:44.395Z"}
{"level":"info","message":"Received GET request for /tasks","timestamp":"2024-11-03T03:15:45.920Z"}
{"level":"info","message":"Received GET request for /tasks","timestamp":"2024-11-03T03:16:10.571Z"}
{"level":"info","message":"Received GET request for /tasks","timestamp":"2024-11-03T03:16:13.779Z"}
{"level":"info","message":"Received GET request for /tasks","timestamp":"2024-11-03T03:16:15.394Z"}
{"level":"info","message":"Received GET request for /tasks","timestamp":"2024-11-03T03:16:21.341Z"}
{"level":"info","message":"Received GET request for /tasks","timestamp":"2024-11-03T03:16:24.206Z"}
{"level":"info","message":"Received GET request for /tasks","timestamp":"2024-11-03T03:16:24.763Z"}
{"level":"info","message":"Received GET request for /tasks","timestamp":"2024-11-03T03:16:29.155Z"}
{"level":"info","message":"Received GET request for /tasks","timestamp":"2024-11-03T03:16:36.268Z"}
{"level":"info","message":"Received GET request for /tasks","timestamp":"2024-11-03T03:18:04.508Z"}
{"level":"info","message":"Received GET request for /tasks","timestamp":"2024-11-03T03:18:16.465Z"}
{"level":"info","message":"Received GET request for /tasks","timestamp":"2024-11-03T03:18:17.315Z"}
{"level":"info","message":"Received GET request for /tasks","timestamp":"2024-11-03T03:18:20.826Z"}
{"level":"info","message":"Received GET request for /tasks","timestamp":"2024-11-03T03:18:21.688Z"}
{"level":"info","message":"Received GET request for /tasks","timestamp":"2024-11-03T03:18:26.708Z"}
{"level":"info","message":"Received GET request for /tasks","timestamp":"2024-11-03T03:18:28.445Z"}
{"level":"info","message":"Received GET request for /tasks","timestamp":"2024-11-03T03:18:33.401Z"}
{"level":"info","message":"Received GET request for /tasks","timestamp":"2024-11-03T03:18:39.536Z"}
{"level":"info","message":"Received GET request for /tasks","timestamp":"2024-11-03T03:18:42.504Z"}
{"level":"info","message":"Received GET request for /tasks","timestamp":"2024-11-03T03:18:42.898Z"}
{"level":"info","message":"Received GET request for /tasks","timestamp":"2024-11-03T03:19:03.304Z"}
{"level":"info","message":"Received GET request for /tasks","timestamp":"2024-11-03T03:19:06.718Z"}
{"level":"info","message":"Received GET request for /tasks","timestamp":"2024-11-03T03:19:08.084Z"}
{"level":"info","message":"Received GET request for /tasks","timestamp":"2024-11-03T03:19:20.860Z"}
{"level":"info","message":"Received GET request for /tasks","timestamp":"2024-11-03T03:19:33.549Z"}
{"level":"info","message":"Received GET request for /tasks","timestamp":"2024-11-03T03:19:40.403Z"}
{"level":"info","message":"Received GET request for /tasks","timestamp":"2024-11-03T03:19:47.373Z"}
{"level":"info","message":"Received GET request for /tasks","timestamp":"2024-11-03T03:19:55.010Z"}
{"level":"info","message":"Received GET request for /tasks","timestamp":"2024-11-03T03:20:23.258Z"}
{"level":"info","message":"Received GET request for /tasks","timestamp":"2024-11-03T03:20:45.368Z"}
{"level":"info","message":"Received GET request for /tasks","timestamp":"2024-11-03T03:21:01.868Z"}
{"level":"info","message":"Received GET request for /tasks","timestamp":"2024-11-03T03:21:12.101Z"}
{"level":"info","message":"Received GET request for /tasks","timestamp":"2024-11-03T03:24:44.019Z"}
{"level":"info","message":"Received GET request for /tasks","timestamp":"2024-11-03T03:24:46.306Z"}
{"level":"info","message":"Received GET request for /tasks","timestamp":"2024-11-03T03:24:47.898Z"}
{"level":"info","message":"Received GET request for /tasks","timestamp":"2024-11-03T03:24:52.349Z"}
{"level":"info","message":"Received GET request for /tasks","timestamp":"2024-11-03T03:24:54.919Z"}
{"level":"info","message":"Received GET request for /tasks","timestamp":"2024-11-03T03:25:27.717Z"}
{"level":"info","message":"Received GET request for /tasks","timestamp":"2024-11-03T03:25:31.614Z"}
{"level":"info","message":"Received GET request for /tasks","timestamp":"2024-11-03T03:25:42.979Z"}
{"level":"info","message":"Received GET request for /tasks","timestamp":"2024-11-03T03:26:02.651Z"}
{"level":"info","message":"Received GET request for /tasks","timestamp":"2024-11-03T03:26:03.204Z"}
{"level":"info","message":"Received GET request for /tasks","timestamp":"2024-11-03T03:26:08.247Z"}
{"level":"info","message":"Received GET request for /tasks","timestamp":"2024-11-03T03:26:16.915Z"}
{"level":"info","message":"Received GET request for /tasks","timestamp":"2024-11-03T03:26:17.012Z"}
{"level":"info","message":"Received GET request for /tasks","timestamp":"2024-11-03T03:26:38.044Z"}
{"level":"info","message":"Received GET request for /tasks","timestamp":"2024-11-03T03:26:40.391Z"}
{"level":"info","message":"Received GET request for /tasks","timestamp":"2024-11-03T03:26:42.270Z"}
{"level":"info","message":"Received GET request for /tasks","timestamp":"2024-11-03T03:26:44.380Z"}
{"level":"info","message":"Received GET request for /tasks","timestamp":"2024-11-03T03:26:50.480Z"}
{"level":"info","message":"Received GET request for /tasks","timestamp":"2024-11-03T03:27:01.241Z"}
{"level":"info","message":"Received GET request for /tasks","timestamp":"2024-11-03T03:27:08.783Z"}
{"level":"info","message":"Received GET request for /tasks","timestamp":"2024-11-03T03:27:24.016Z"}
{"level":"info","message":"Received GET request for /tasks","timestamp":"2024-11-03T03:27:33.892Z"}
{"level":"info","message":"Received GET request for /tasks","timestamp":"2024-11-03T03:27:40.115Z"}
{"level":"info","message":"Received GET request for /tasks","timestamp":"2024-11-03T03:27:41.018Z"}
{"level":"info","message":"Received GET request for /tasks","timestamp":"2024-11-03T03:27:43.699Z"}
{"level":"info","message":"Received GET request for /tasks","timestamp":"2024-11-03T03:28:08.652Z"}
{"level":"info","message":"Received GET request for /tasks","timestamp":"2024-11-03T03:28:17.580Z"}
{"level":"info","message":"Received GET request for /tasks","timestamp":"2024-11-03T03:28:34.596Z"}
{"level":"info","message":"Received GET request for /tasks","timestamp":"2024-11-03T03:28:45.623Z"}
{"level":"info","message":"Received GET request for /tasks","timestamp":"2024-11-03T03:29:17.784Z"}
{"level":"info","message":"Received GET request for /tasks","timestamp":"2024-11-03T03:29:29.432Z"}
{"level":"info","message":"Received GET request for /tasks","timestamp":"2024-11-03T03:29:31.107Z"}
{"level":"info","message":"Received GET request for /tasks","timestamp":"2024-11-03T03:29:38.843Z"}
{"level":"info","message":"Received GET request for /tasks","timestamp":"2024-11-03T03:29:40.320Z"}
{"level":"info","message":"Received GET request for /tasks","timestamp":"2024-11-03T03:29:43.169Z"}
{"level":"info","message":"Received GET request for /tasks","timestamp":"2024-11-03T03:29:44.402Z"}
{"level":"info","message":"Received GET request for /tasks","timestamp":"2024-11-03T03:29:55.786Z"}
{"level":"info","message":"Received GET request for /tasks","timestamp":"2024-11-03T03:29:57.408Z"}
{"level":"info","message":"Received GET request for /tasks","timestamp":"2024-11-03T03:30:15.238Z"}
{"level":"info","message":"Received GET request for /tasks","timestamp":"2024-11-03T03:30:16.680Z"}
{"level":"info","message":"Received GET request for /tasks","timestamp":"2024-11-03T03:30:22.985Z"}
{"level":"info","message":"Received GET request for /tasks","timestamp":"2024-11-03T03:30:28.171Z"}
{"level":"info","message":"Received GET request for /tasks","timestamp":"2024-11-03T03:30:46.225Z"}
{"level":"info","message":"Received GET request for /tasks","timestamp":"2024-11-03T03:31:03.033Z"}
{"level":"info","message":"Received GET request for /tasks","timestamp":"2024-11-03T03:31:13.791Z"}
{"level":"info","message":"Received GET request for /tasks","timestamp":"2024-11-03T03:31:14.877Z"}
{"level":"info","message":"Received GET request for /tasks","timestamp":"2024-11-03T03:31:25.432Z"}
{"level":"info","message":"Received GET request for /tasks","timestamp":"2024-11-03T03:32:08.940Z"}
{"level":"info","message":"Received GET request for /tasks","timestamp":"2024-11-03T03:32:12.540Z"}
{"level":"info","message":"Received GET request for /tasks","timestamp":"2024-11-03T03:32:12.930Z"}
{"level":"info","message":"Received GET request for /tasks","timestamp":"2024-11-03T03:32:17.554Z"}
{"level":"info","message":"Received GET request for /tasks","timestamp":"2024-11-03T03:32:22.192Z"}
{"level":"info","message":"Received GET request for /tasks","timestamp":"2024-11-03T03:32:22.591Z"}
{"level":"info","message":"Received GET request for /tasks","timestamp":"2024-11-03T03:32:42.202Z"}
{"level":"info","message":"Received GET request for /tasks","timestamp":"2024-11-03T03:32:49.459Z"}
{"level":"info","message":"Received GET request for /tasks","timestamp":"2024-11-03T03:32:53.829Z"}
{"level":"info","message":"Received GET request for /tasks","timestamp":"2024-11-03T03:32:57.296Z"}
{"level":"info","message":"Received GET request for /tasks","timestamp":"2024-11-03T03:33:09.276Z"}
{"level":"info","message":"Received GET request for /tasks","timestamp":"2024-11-03T03:33:10.979Z"}
{"level":"info","message":"Received GET request for /tasks","timestamp":"2024-11-03T03:33:14.292Z"}
{"level":"info","message":"Received GET request for /tasks","timestamp":"2024-11-03T03:33:18.486Z"}
{"level":"info","message":"Received GET request for /tasks","timestamp":"2024-11-03T03:33:21.336Z"}
{"level":"info","message":"Received GET request for /tasks","timestamp":"2024-11-03T03:33:24.780Z"}
{"level":"info","message":"Received GET request for /tasks","timestamp":"2024-11-03T03:33:25.093Z"}
{"level":"info","message":"Received GET request for /tasks","timestamp":"2024-11-03T03:33:35.412Z"}
{"level":"info","message":"Received GET request for /tasks","timestamp":"2024-11-03T03:33:38.361Z"}
{"level":"info","message":"Received GET request for /tasks","timestamp":"2024-11-03T03:33:42.600Z"}
{"level":"info","message":"Received GET request for /tasks","timestamp":"2024-11-03T03:33:58.444Z"}
{"level":"info","message":"Received GET request for /tasks","timestamp":"2024-11-03T03:38:25.120Z"}
{"level":"info","message":"Received GET request for /tasks","timestamp":"2024-11-03T03:38:27.015Z"}
{"level":"info","message":"Received GET request for /tasks","timestamp":"2024-11-03T03:38:31.382Z"}
{"level":"info","message":"Received GET request for /tasks","timestamp":"2024-11-03T03:38:48.359Z"}
{"level":"info","message":"Received GET request for /tasks","timestamp":"2024-11-03T03:39:05.778Z"}
{"level":"info","message":"Received GET request for /tasks","timestamp":"2024-11-03T03:39:06.810Z"}
{"level":"info","message":"Received GET request for /tasks","timestamp":"2024-11-03T03:39:08.196Z"}
{"level":"info","message":"Received GET request for /tasks","timestamp":"2024-11-03T03:39:11.461Z"}
{"level":"info","message":"Received GET request for /tasks","timestamp":"2024-11-03T03:39:15.618Z"}
{"level":"info","message":"Received GET request for /tasks","timestamp":"2024-11-03T03:40:31.765Z"}
{"level":"error","message":"Error fetching tasks: Cannot access 'tasks' before initialization","stack":"ReferenceError: Cannot access 'tasks' before initialization\n    at exports.getTasks (/Users/jeetpatel/Desktop/projects/rediTasks/apps/server/controllers/taskController.js:163:19)\n    at Layer.handle [as handle_request] (/Users/jeetpatel/Desktop/projects/rediTasks/node_modules/.pnpm/express@4.21.1/node_modules/express/lib/router/layer.js:95:5)\n    at next (/Users/jeetpatel/Desktop/projects/rediTasks/node_modules/.pnpm/express@4.21.1/node_modules/express/lib/router/route.js:149:13)\n    at Route.dispatch (/Users/jeetpatel/Desktop/projects/rediTasks/node_modules/.pnpm/express@4.21.1/node_modules/express/lib/router/route.js:119:3)\n    at Layer.handle [as handle_request] (/Users/jeetpatel/Desktop/projects/rediTasks/node_modules/.pnpm/express@4.21.1/node_modules/express/lib/router/layer.js:95:5)\n    at /Users/jeetpatel/Desktop/projects/rediTasks/node_modules/.pnpm/express@4.21.1/node_modules/express/lib/router/index.js:284:15\n    at Function.process_params (/Users/jeetpatel/Desktop/projects/rediTasks/node_modules/.pnpm/express@4.21.1/node_modules/express/lib/router/index.js:346:12)\n    at next (/Users/jeetpatel/Desktop/projects/rediTasks/node_modules/.pnpm/express@4.21.1/node_modules/express/lib/router/index.js:280:10)\n    at Function.handle (/Users/jeetpatel/Desktop/projects/rediTasks/node_modules/.pnpm/express@4.21.1/node_modules/express/lib/router/index.js:175:3)\n    at router (/Users/jeetpatel/Desktop/projects/rediTasks/node_modules/.pnpm/express@4.21.1/node_modules/express/lib/router/index.js:47:12)","timestamp":"2024-11-03T03:40:31.767Z"}
{"level":"info","message":"Received GET request for /tasks","timestamp":"2024-11-03T03:40:38.038Z"}
{"level":"error","message":"Error fetching tasks: Cannot access 'tasks' before initialization","stack":"ReferenceError: Cannot access 'tasks' before initialization\n    at exports.getTasks (/Users/jeetpatel/Desktop/projects/rediTasks/apps/server/controllers/taskController.js:163:19)\n    at Layer.handle [as handle_request] (/Users/jeetpatel/Desktop/projects/rediTasks/node_modules/.pnpm/express@4.21.1/node_modules/express/lib/router/layer.js:95:5)\n    at next (/Users/jeetpatel/Desktop/projects/rediTasks/node_modules/.pnpm/express@4.21.1/node_modules/express/lib/router/route.js:149:13)\n    at Route.dispatch (/Users/jeetpatel/Desktop/projects/rediTasks/node_modules/.pnpm/express@4.21.1/node_modules/express/lib/router/route.js:119:3)\n    at Layer.handle [as handle_request] (/Users/jeetpatel/Desktop/projects/rediTasks/node_modules/.pnpm/express@4.21.1/node_modules/express/lib/router/layer.js:95:5)\n    at /Users/jeetpatel/Desktop/projects/rediTasks/node_modules/.pnpm/express@4.21.1/node_modules/express/lib/router/index.js:284:15\n    at Function.process_params (/Users/jeetpatel/Desktop/projects/rediTasks/node_modules/.pnpm/express@4.21.1/node_modules/express/lib/router/index.js:346:12)\n    at next (/Users/jeetpatel/Desktop/projects/rediTasks/node_modules/.pnpm/express@4.21.1/node_modules/express/lib/router/index.js:280:10)\n    at Function.handle (/Users/jeetpatel/Desktop/projects/rediTasks/node_modules/.pnpm/express@4.21.1/node_modules/express/lib/router/index.js:175:3)\n    at router (/Users/jeetpatel/Desktop/projects/rediTasks/node_modules/.pnpm/express@4.21.1/node_modules/express/lib/router/index.js:47:12)","timestamp":"2024-11-03T03:40:38.039Z"}
{"level":"info","message":"Received GET request for /tasks","timestamp":"2024-11-03T03:41:01.437Z"}
{"level":"error","message":"Error fetching tasks: tasksList is not defined","stack":"ReferenceError: tasksList is not defined\n    at exports.getTasks (/Users/jeetpatel/Desktop/projects/rediTasks/apps/server/controllers/taskController.js:163:19)\n    at Layer.handle [as handle_request] (/Users/jeetpatel/Desktop/projects/rediTasks/node_modules/.pnpm/express@4.21.1/node_modules/express/lib/router/layer.js:95:5)\n    at next (/Users/jeetpatel/Desktop/projects/rediTasks/node_modules/.pnpm/express@4.21.1/node_modules/express/lib/router/route.js:149:13)\n    at Route.dispatch (/Users/jeetpatel/Desktop/projects/rediTasks/node_modules/.pnpm/express@4.21.1/node_modules/express/lib/router/route.js:119:3)\n    at Layer.handle [as handle_request] (/Users/jeetpatel/Desktop/projects/rediTasks/node_modules/.pnpm/express@4.21.1/node_modules/express/lib/router/layer.js:95:5)\n    at /Users/jeetpatel/Desktop/projects/rediTasks/node_modules/.pnpm/express@4.21.1/node_modules/express/lib/router/index.js:284:15\n    at Function.process_params (/Users/jeetpatel/Desktop/projects/rediTasks/node_modules/.pnpm/express@4.21.1/node_modules/express/lib/router/index.js:346:12)\n    at next (/Users/jeetpatel/Desktop/projects/rediTasks/node_modules/.pnpm/express@4.21.1/node_modules/express/lib/router/index.js:280:10)\n    at Function.handle (/Users/jeetpatel/Desktop/projects/rediTasks/node_modules/.pnpm/express@4.21.1/node_modules/express/lib/router/index.js:175:3)\n    at router (/Users/jeetpatel/Desktop/projects/rediTasks/node_modules/.pnpm/express@4.21.1/node_modules/express/lib/router/index.js:47:12)","timestamp":"2024-11-03T03:41:01.441Z"}
{"level":"info","message":"Received GET request for /tasks","timestamp":"2024-11-03T03:41:36.767Z"}
{"level":"info","message":"Received GET request for /tasks","timestamp":"2024-11-03T03:42:15.813Z"}
{"level":"info","message":"Received GET request for /tasks","timestamp":"2024-11-03T03:42:23.610Z"}
{"level":"info","message":"Received GET request for /tasks","timestamp":"2024-11-03T03:42:47.028Z"}
{"level":"info","message":"Received GET request for /tasks","timestamp":"2024-11-03T03:42:49.794Z"}
{"level":"info","message":"Received GET request for /tasks","timestamp":"2024-11-03T03:42:53.393Z"}
{"level":"info","message":"Received GET request for /tasks","timestamp":"2024-11-03T03:43:29.095Z"}
{"level":"info","message":"Received GET request for /tasks","timestamp":"2024-11-03T03:43:35.533Z"}
{"level":"info","message":"Received GET request for /tasks","timestamp":"2024-11-03T03:43:39.790Z"}
{"level":"info","message":"Received GET request for /tasks","timestamp":"2024-11-03T03:43:42.491Z"}
{"level":"info","message":"Received GET request for /tasks","timestamp":"2024-11-03T03:46:37.380Z"}
{"level":"info","message":"Received GET request for /tasks","timestamp":"2024-11-03T03:46:50.871Z"}
{"level":"info","message":"Received GET request for /tasks","timestamp":"2024-11-03T03:49:43.319Z"}
{"level":"info","message":"Received GET request for /tasks","timestamp":"2024-11-03T03:50:38.290Z"}
{"level":"info","message":"Received GET request for /tasks","timestamp":"2024-11-03T03:51:17.991Z"}
{"level":"info","message":"Received GET request for /tasks","timestamp":"2024-11-03T03:52:31.072Z"}
{"level":"info","message":"Received GET request for /tasks","timestamp":"2024-11-03T03:52:47.959Z"}
{"level":"info","message":"Received GET request for /tasks","timestamp":"2024-11-03T03:53:09.292Z"}
{"level":"info","message":"Received GET request for /tasks","timestamp":"2024-11-03T03:53:28.757Z"}
{"level":"info","message":"Received GET request for /tasks","timestamp":"2024-11-03T03:53:33.428Z"}
{"level":"info","message":"Received GET request for /tasks","timestamp":"2024-11-03T03:53:41.474Z"}
{"level":"info","message":"Received GET request for /tasks","timestamp":"2024-11-03T03:53:42.669Z"}
{"level":"info","message":"Received GET request for /tasks","timestamp":"2024-11-03T03:53:54.971Z"}
{"level":"info","message":"Received GET request for /tasks","timestamp":"2024-11-03T03:57:16.053Z"}
{"level":"info","message":"Received GET request for /tasks/2","timestamp":"2024-11-03T03:59:20.304Z"}
{"level":"info","message":"Received GET request for /tasks/2","timestamp":"2024-11-03T03:59:21.469Z"}
{"level":"info","message":"Received GET request for /tasks/2","timestamp":"2024-11-03T03:59:32.051Z"}
{"level":"info","message":"Received GET request for /tasks/2","timestamp":"2024-11-03T04:00:10.087Z"}
{"level":"info","message":"Received GET request for /tasks/2","timestamp":"2024-11-03T04:00:33.379Z"}
{"level":"info","message":"Received GET request for /tasks/2","timestamp":"2024-11-03T04:00:48.170Z"}
{"level":"info","message":"Received GET request for /tasks/","timestamp":"2024-11-03T04:03:48.078Z"}
{"level":"info","message":"Received GET request for /tasks/?","timestamp":"2024-11-03T04:03:58.583Z"}
{"level":"info","message":"Received GET request for /tasks/?status=2","timestamp":"2024-11-03T04:04:07.015Z"}
{"level":"info","message":"Received GET request for /tasks/?status=2","timestamp":"2024-11-03T04:04:10.840Z"}
{"level":"info","message":"Received GET request for /tasks","timestamp":"2024-11-03T04:04:21.249Z"}
{"level":"info","message":"Received GET request for /tasks/?status=2","timestamp":"2024-11-03T04:04:24.809Z"}
{"level":"info","message":"Received GET request for /tasks/?status=2","timestamp":"2024-11-03T04:04:26.305Z"}
{"level":"info","message":"Received GET request for /tasks/?status=2","timestamp":"2024-11-03T04:04:27.630Z"}
{"level":"info","message":"Received GET request for /tasks/?status=0","timestamp":"2024-11-03T04:05:17.264Z"}
{"level":"info","message":"Received GET request for /tasks/?status=2","timestamp":"2024-11-03T04:05:23.352Z"}
{"level":"info","message":"Received GET request for /tasks/?status=0","timestamp":"2024-11-03T04:05:23.988Z"}
{"level":"info","message":"Received GET request for /tasks/?status=2","timestamp":"2024-11-03T04:05:25.239Z"}
{"level":"info","message":"Received GET request for /tasks/?status=0","timestamp":"2024-11-03T04:05:25.715Z"}
{"level":"info","message":"Received GET request for /tasks","timestamp":"2024-11-03T04:05:26.855Z"}
{"level":"info","message":"Received GET request for /tasks/?status=2","timestamp":"2024-11-03T04:05:29.155Z"}
{"level":"info","message":"Received GET request for /tasks/?status=0","timestamp":"2024-11-03T04:05:29.691Z"}
{"level":"info","message":"Received GET request for /tasks","timestamp":"2024-11-03T04:05:31.018Z"}
{"level":"info","message":"Received GET request for /tasks","timestamp":"2024-11-03T04:05:52.783Z"}
{"level":"info","message":"Received GET request for /tasks/?status=0","timestamp":"2024-11-03T04:05:56.192Z"}
{"level":"info","message":"Received GET request for /tasks/?status=2","timestamp":"2024-11-03T04:05:57.779Z"}
{"level":"info","message":"Received GET request for /tasks","timestamp":"2024-11-03T04:05:59.936Z"}
{"level":"info","message":"Received GET request for /tasks?status=1","timestamp":"2024-11-03T04:06:34.324Z"}
{"level":"info","message":"Received GET request for /tasks/?status=2","timestamp":"2024-11-03T04:07:04.136Z"}
{"level":"info","message":"Received GET request for /tasks/?status=0","timestamp":"2024-11-03T04:07:16.457Z"}
{"level":"info","message":"Received GET request for /tasks/?status=0","timestamp":"2024-11-03T04:09:08.565Z"}
{"level":"info","message":"Received GET request for /tasks/?status=0","timestamp":"2024-11-03T04:09:09.503Z"}
{"level":"info","message":"Received GET request for /tasks/?status=0","timestamp":"2024-11-03T04:09:14.784Z"}
{"level":"info","message":"Received GET request for /tasks/?status=0","timestamp":"2024-11-03T04:09:19.755Z"}
{"level":"info","message":"Received GET request for /tasks/?status=2","timestamp":"2024-11-03T04:09:35.451Z"}
{"level":"info","message":"Received GET request for /tasks/?status=0","timestamp":"2024-11-03T04:09:36.795Z"}
{"level":"info","message":"Received GET request for /tasks/?status=0","timestamp":"2024-11-03T04:09:37.771Z"}
{"level":"info","message":"Received GET request for /tasks/?status=2","timestamp":"2024-11-03T04:09:38.466Z"}
{"level":"info","message":"Received GET request for /tasks/?status=0","timestamp":"2024-11-03T04:09:38.995Z"}
{"level":"info","message":"Received GET request for /tasks/?status=0","timestamp":"2024-11-03T04:09:39.911Z"}
{"level":"info","message":"Received GET request for /tasks?status=1","timestamp":"2024-11-03T04:10:41.091Z"}
{"level":"info","message":"Received GET request for /tasks?status=1","timestamp":"2024-11-03T04:10:52.446Z"}
{"level":"info","message":"Received GET request for /tasks?status=1","timestamp":"2024-11-03T04:11:36.543Z"}
{"level":"info","message":"Received GET request for /tasks/?status=0","timestamp":"2024-11-03T04:11:38.798Z"}
{"level":"info","message":"Received GET request for /tasks/?date=0","timestamp":"2024-11-03T04:11:52.789Z"}
{"level":"info","message":"Received GET request for /tasks/?date=2024-11-03","timestamp":"2024-11-03T04:12:42.828Z"}
{"level":"info","message":"Received GET request for /tasks/?date=2024-11-03","timestamp":"2024-11-03T04:12:45.456Z"}
{"level":"info","message":"Received GET request for /tasks/?date=2024-11-03","timestamp":"2024-11-03T04:12:50.717Z"}
{"level":"info","message":"Received GET request for /tasks/?date=2024-11-03","timestamp":"2024-11-03T04:12:52.835Z"}
{"level":"info","message":"Received GET request for /tasks/?date=2024-11-03","timestamp":"2024-11-03T04:12:54.791Z"}
{"level":"info","message":"Received GET request for /tasks/?date=2024-11-03","timestamp":"2024-11-03T04:12:56.085Z"}
{"level":"info","message":"Received GET request for /tasks/?status=2","timestamp":"2024-11-03T04:12:57.652Z"}
{"level":"info","message":"Received GET request for /tasks/?status=0","timestamp":"2024-11-03T04:12:58.469Z"}
{"level":"info","message":"Received GET request for /tasks?status=1","timestamp":"2024-11-03T04:12:59.549Z"}
{"level":"info","message":"Received GET request for /tasks/?date=2024-11-03","timestamp":"2024-11-03T04:13:03.002Z"}
{"level":"info","message":"Received GET request for /tasks/?status=2","timestamp":"2024-11-03T04:13:03.628Z"}
{"level":"info","message":"Received GET request for /tasks/?status=0","timestamp":"2024-11-03T04:13:04.196Z"}
{"level":"info","message":"Received GET request for /tasks?status=1","timestamp":"2024-11-03T04:13:06.079Z"}
{"level":"info","message":"Received GET request for /tasks?status=1","timestamp":"2024-11-03T15:52:28.332Z"}
{"level":"info","message":"Received GET request for /tasks/?status=2","timestamp":"2024-11-03T15:52:36.355Z"}
{"level":"info","message":"Received GET request for /tasks/?status=0","timestamp":"2024-11-03T15:52:37.025Z"}
{"level":"info","message":"Received GET request for /tasks/?date=2024-11-03","timestamp":"2024-11-03T15:52:39.621Z"}
{"level":"info","message":"Received GET request for /tasks/?status=2","timestamp":"2024-11-03T15:52:40.136Z"}
{"level":"info","message":"Received GET request for /tasks/?status=0","timestamp":"2024-11-03T15:52:41.268Z"}
{"level":"info","message":"Received GET request for /tasks/?date=2024-11-03","timestamp":"2024-11-03T15:52:58.831Z"}
{"level":"info","message":"Received GET request for /tasks?status=1","timestamp":"2024-11-03T15:52:59.643Z"}
{"level":"info","message":"Received GET request for /tasks/?status=0","timestamp":"2024-11-03T15:53:02.452Z"}
{"level":"info","message":"Received GET request for /tasks/?status=2","timestamp":"2024-11-03T15:53:03.006Z"}
{"level":"info","message":"Received GET request for /tasks/?date=2024-11-03","timestamp":"2024-11-03T15:53:03.590Z"}
{"level":"info","message":"Received GET request for /tasks?status=1","timestamp":"2024-11-03T15:53:05.327Z"}
{"level":"info","message":"Received GET request for /tasks?status=1","timestamp":"2024-11-03T15:55:14.270Z"}
{"level":"info","message":"Received GET request for /tasks?status=1","timestamp":"2024-11-03T15:55:19.110Z"}
{"level":"info","message":"Received GET request for /tasks?status=1","timestamp":"2024-11-03T15:56:17.938Z"}
{"level":"info","message":"Received GET request for /tasks?status=1","timestamp":"2024-11-03T15:56:19.629Z"}
{"level":"info","message":"Received GET request for /tasks?status=1","timestamp":"2024-11-03T15:56:33.734Z"}
{"level":"info","message":"Received GET request for /tasks?status=1","timestamp":"2024-11-03T15:56:46.496Z"}
{"level":"info","message":"Received GET request for /tasks?status=1","timestamp":"2024-11-03T15:56:47.642Z"}
{"level":"info","message":"Received GET request for /tasks?status=1","timestamp":"2024-11-03T15:57:15.307Z"}
{"level":"info","message":"Received GET request for /tasks?status=1","timestamp":"2024-11-03T15:57:32.503Z"}
{"level":"info","message":"Received GET request for /tasks?status=1","timestamp":"2024-11-03T16:01:37.644Z"}
{"level":"info","message":"Received GET request for /tasks?status=1","timestamp":"2024-11-03T16:04:14.805Z"}
{"level":"info","message":"Received OPTIONS request for /tasks","timestamp":"2024-11-03T16:04:41.856Z"}
{"level":"info","message":"Received POST request for /tasks","timestamp":"2024-11-03T16:04:41.876Z"}
{"level":"info","message":"Task created successfully","timestamp":"2024-11-03T16:04:41.907Z"}
{"level":"info","message":"Received OPTIONS request for /tasks","timestamp":"2024-11-03T16:05:33.878Z"}
{"level":"info","message":"Received POST request for /tasks","timestamp":"2024-11-03T16:05:33.882Z"}
{"level":"info","message":"Task created successfully","timestamp":"2024-11-03T16:05:33.889Z"}
{"level":"info","message":"Received GET request for /tasks/?date=2024-11-03","timestamp":"2024-11-03T16:05:38.269Z"}
{"level":"info","message":"Received GET request for /tasks/?status=2","timestamp":"2024-11-03T16:05:39.303Z"}
{"level":"info","message":"Received GET request for /tasks/?date=2024-11-03","timestamp":"2024-11-03T16:05:40.154Z"}
{"level":"info","message":"Received GET request for /tasks/?date=2024-11-03","timestamp":"2024-11-03T16:05:40.782Z"}
{"level":"info","message":"Received GET request for /tasks/?date=2024-11-03","timestamp":"2024-11-03T16:05:41.516Z"}
{"level":"info","message":"Received GET request for /tasks/?status=2","timestamp":"2024-11-03T16:05:42.920Z"}
{"level":"info","message":"Received GET request for /tasks/?status=0","timestamp":"2024-11-03T16:05:43.537Z"}
{"level":"info","message":"Received GET request for /tasks/?status=0","timestamp":"2024-11-03T16:05:44.840Z"}
{"level":"info","message":"Received GET request for /tasks?status=1","timestamp":"2024-11-03T16:05:46.888Z"}
{"level":"info","message":"Received GET request for /tasks?status=1","timestamp":"2024-11-03T16:05:49.104Z"}
{"level":"info","message":"Received GET request for /tasks?status=1","timestamp":"2024-11-03T16:08:00.530Z"}
{"level":"info","message":"Received GET request for /tasks?status=1","timestamp":"2024-11-03T16:08:01.523Z"}
{"level":"info","message":"Received GET request for /tasks/?date=2024-11-03","timestamp":"2024-11-03T16:08:02.784Z"}
{"level":"info","message":"Received GET request for /tasks/?date=2024-11-03","timestamp":"2024-11-03T16:08:04.119Z"}
{"level":"info","message":"Received GET request for /tasks/?status=2","timestamp":"2024-11-03T16:08:07.261Z"}
{"level":"info","message":"Received GET request for /tasks/?status=0","timestamp":"2024-11-03T16:08:08.212Z"}
{"level":"info","message":"Received GET request for /tasks/?status=0","timestamp":"2024-11-03T16:08:10.202Z"}
{"level":"info","message":"Received GET request for /tasks/?status=0","timestamp":"2024-11-03T16:08:10.709Z"}
{"level":"info","message":"Received GET request for /tasks/?status=0","timestamp":"2024-11-03T16:08:32.383Z"}
{"level":"info","message":"Received GET request for /tasks/?status=0","timestamp":"2024-11-03T16:08:32.898Z"}
{"level":"info","message":"Received GET request for /tasks/?status=0","timestamp":"2024-11-03T16:08:59.875Z"}
{"level":"info","message":"Received GET request for /tasks/?status=0","timestamp":"2024-11-03T16:09:00.378Z"}
{"level":"info","message":"Received GET request for /tasks/?status=2","timestamp":"2024-11-03T16:09:02.162Z"}
{"level":"info","message":"Received GET request for /tasks/?date=2024-11-03","timestamp":"2024-11-03T16:09:03.143Z"}
{"level":"info","message":"Received GET request for /tasks?status=1","timestamp":"2024-11-03T16:09:04.589Z"}
{"level":"info","message":"Received GET request for /tasks?status=1","timestamp":"2024-11-03T16:09:05.379Z"}
{"level":"info","message":"Received GET request for /tasks?status=1","timestamp":"2024-11-03T16:09:14.090Z"}
{"level":"info","message":"Received GET request for /tasks/?status=2","timestamp":"2024-11-03T16:09:23.667Z"}
{"level":"info","message":"Received GET request for /tasks/?status=0","timestamp":"2024-11-03T16:09:24.255Z"}
{"level":"info","message":"Received GET request for /tasks/?date=2024-11-03","timestamp":"2024-11-03T16:09:25.006Z"}
{"level":"info","message":"Received GET request for /tasks/?status=2","timestamp":"2024-11-03T16:09:26.259Z"}
{"level":"info","message":"Received GET request for /tasks/?status=0","timestamp":"2024-11-03T16:09:26.716Z"}
{"level":"info","message":"Received GET request for /tasks/?status=0","timestamp":"2024-11-03T16:09:44.034Z"}
{"level":"info","message":"Received GET request for /tasks/?date=2024-11-03","timestamp":"2024-11-03T16:09:44.988Z"}
{"level":"info","message":"Received GET request for /tasks/?status=2","timestamp":"2024-11-03T16:09:46.266Z"}
{"level":"info","message":"Received GET request for /tasks/?status=0","timestamp":"2024-11-03T16:09:46.651Z"}
{"level":"info","message":"Received GET request for /tasks/?date=2024-11-03","timestamp":"2024-11-03T16:09:47.614Z"}
{"level":"info","message":"Received GET request for /tasks?status=1","timestamp":"2024-11-03T16:09:48.252Z"}
{"level":"info","message":"Received GET request for /tasks/?status=0","timestamp":"2024-11-03T16:09:54.227Z"}
{"level":"info","message":"Received GET request for /tasks/?status=0","timestamp":"2024-11-03T16:10:23.388Z"}
{"level":"info","message":"Received GET request for /tasks/?status=0","timestamp":"2024-11-03T16:11:40.249Z"}
{"level":"info","message":"Received GET request for /tasks/?status=0","timestamp":"2024-11-03T16:12:55.049Z"}
{"level":"info","message":"Received GET request for /tasks/?status=0","timestamp":"2024-11-03T16:15:31.098Z"}
{"level":"info","message":"Received OPTIONS request for /tasks?id=67279f4dcdd289545579ff6f","timestamp":"2024-11-03T16:15:32.648Z"}
{"level":"info","message":"Received DELETE request for /tasks?id=67279f4dcdd289545579ff6f","timestamp":"2024-11-03T16:15:32.651Z"}
{"level":"error","message":"Route not found","timestamp":"2024-11-03T16:15:32.652Z"}
{"level":"info","message":"Received GET request for /tasks/?status=0","timestamp":"2024-11-03T16:16:09.374Z"}
{"level":"info","message":"Received OPTIONS request for /tasks/67279f4dcdd289545579ff6f","timestamp":"2024-11-03T16:16:10.249Z"}
{"level":"info","message":"Received DELETE request for /tasks/67279f4dcdd289545579ff6f","timestamp":"2024-11-03T16:16:10.253Z"}
{"level":"info","message":"Task 67279f4dcdd289545579ff6f deleted successfully","timestamp":"2024-11-03T16:16:10.267Z"}
{"level":"info","message":"Received GET request for /tasks/?status=0","timestamp":"2024-11-03T16:17:29.892Z"}
{"level":"info","message":"Received GET request for /tasks/?status=0","timestamp":"2024-11-03T16:17:42.744Z"}
{"level":"info","message":"Received GET request for /tasks/?status=0","timestamp":"2024-11-03T16:17:46.822Z"}
{"level":"info","message":"Received GET request for /tasks/?status=0","timestamp":"2024-11-03T16:18:23.935Z"}
{"level":"info","message":"Received GET request for /tasks/?status=0","timestamp":"2024-11-03T16:18:26.461Z"}
{"level":"info","message":"Received GET request for /tasks/?status=0","timestamp":"2024-11-03T16:18:29.567Z"}
{"level":"info","message":"Received OPTIONS request for /tasks/67279f19cdd289545579ff6d","timestamp":"2024-11-03T16:18:30.544Z"}
{"level":"info","message":"Received DELETE request for /tasks/67279f19cdd289545579ff6d","timestamp":"2024-11-03T16:18:30.548Z"}
{"level":"info","message":"Task 67279f19cdd289545579ff6d deleted successfully","timestamp":"2024-11-03T16:18:30.559Z"}
{"level":"info","message":"Received GET request for /tasks/?status=0","timestamp":"2024-11-03T16:18:30.564Z"}
{"level":"info","message":"Received GET request for /tasks/?status=0","timestamp":"2024-11-03T16:18:31.923Z"}
{"level":"info","message":"Received GET request for /tasks/?status=0","timestamp":"2024-11-03T16:19:35.185Z"}
{"level":"info","message":"Received GET request for /tasks/?date=2024-11-03","timestamp":"2024-11-03T16:19:36.113Z"}
{"level":"info","message":"Received GET request for /tasks/?status=2","timestamp":"2024-11-03T16:19:36.571Z"}
{"level":"info","message":"Received GET request for /tasks/?status=0","timestamp":"2024-11-03T16:19:36.984Z"}
{"level":"info","message":"Received GET request for /tasks?status=1","timestamp":"2024-11-03T16:19:37.903Z"}
{"level":"info","message":"Received OPTIONS request for /tasks","timestamp":"2024-11-03T16:19:53.654Z"}
{"level":"info","message":"Received POST request for /tasks","timestamp":"2024-11-03T16:19:53.675Z"}
{"level":"info","message":"Task created successfully","timestamp":"2024-11-03T16:19:53.685Z"}
{"level":"info","message":"Received GET request for /tasks?status=1","timestamp":"2024-11-03T16:19:55.923Z"}
{"level":"info","message":"Received GET request for /tasks/?status=2","timestamp":"2024-11-03T16:19:57.691Z"}
{"level":"info","message":"Received GET request for /tasks/?status=2","timestamp":"2024-11-03T16:20:14.244Z"}
{"level":"info","message":"Received GET request for /tasks/?status=2","timestamp":"2024-11-03T16:20:14.368Z"}
{"level":"info","message":"Received GET request for /tasks/?status=2","timestamp":"2024-11-03T16:20:15.071Z"}
{"level":"info","message":"Received GET request for /tasks/?date=2024-11-03","timestamp":"2024-11-03T16:20:17.349Z"}
{"level":"info","message":"Received GET request for /tasks?status=1","timestamp":"2024-11-03T16:21:25.509Z"}
{"level":"info","message":"Received GET request for /tasks/?status=0","timestamp":"2024-11-03T16:21:29.628Z"}
{"level":"info","message":"Received GET request for /tasks/?status=2","timestamp":"2024-11-03T16:21:30.709Z"}
{"level":"info","message":"Received GET request for /tasks/?date=2024-11-03","timestamp":"2024-11-03T16:21:31.448Z"}
{"level":"info","message":"Received GET request for /tasks?status=1","timestamp":"2024-11-03T16:21:32.159Z"}
{"level":"info","message":"Received GET request for /tasks/?date=2024-11-03","timestamp":"2024-11-03T16:21:32.669Z"}
{"level":"info","message":"Received GET request for /tasks/?status=2","timestamp":"2024-11-03T16:21:33.366Z"}
{"level":"info","message":"Received GET request for /tasks/?status=2","timestamp":"2024-11-03T16:21:34.149Z"}
{"level":"info","message":"Received GET request for /tasks/?status=2","timestamp":"2024-11-03T16:21:34.725Z"}
{"level":"info","message":"Received GET request for /tasks/?status=2","timestamp":"2024-11-03T16:21:34.908Z"}
{"level":"info","message":"Received GET request for /tasks/?status=0","timestamp":"2024-11-03T16:21:35.495Z"}
{"level":"info","message":"Received GET request for /tasks/?status=0","timestamp":"2024-11-03T16:21:35.826Z"}
{"level":"info","message":"Received GET request for /tasks/?status=0","timestamp":"2024-11-03T16:21:36.111Z"}
{"level":"info","message":"Received GET request for /tasks/?status=0","timestamp":"2024-11-03T16:21:37.390Z"}
{"level":"info","message":"Received GET request for /tasks/?status=0","timestamp":"2024-11-03T16:21:37.696Z"}
{"level":"info","message":"Received GET request for /tasks/?status=0","timestamp":"2024-11-03T16:21:38.015Z"}
{"level":"info","message":"Received GET request for /tasks/?date=2024-11-03","timestamp":"2024-11-03T16:21:38.930Z"}
{"level":"info","message":"Received GET request for /tasks?status=1","timestamp":"2024-11-03T16:21:41.434Z"}
{"level":"info","message":"Received GET request for /tasks?status=1","timestamp":"2024-11-03T16:21:42.209Z"}
{"level":"info","message":"Received GET request for /tasks/?date=2024-11-03","timestamp":"2024-11-03T16:21:43.253Z"}
{"level":"info","message":"Received GET request for /tasks?status=1","timestamp":"2024-11-03T16:22:31.895Z"}
{"level":"info","message":"Received GET request for /tasks/?status=0","timestamp":"2024-11-03T16:22:34.214Z"}
{"level":"info","message":"Received GET request for /tasks/?date=2024-11-03","timestamp":"2024-11-03T16:22:37.414Z"}
{"level":"info","message":"Received OPTIONS request for /tasks/6727a2a9def7f521e10c9d11","timestamp":"2024-11-03T16:22:39.008Z"}
{"level":"info","message":"Received DELETE request for /tasks/6727a2a9def7f521e10c9d11","timestamp":"2024-11-03T16:22:39.014Z"}
{"level":"info","message":"Task 6727a2a9def7f521e10c9d11 deleted successfully","timestamp":"2024-11-03T16:22:39.022Z"}
{"level":"info","message":"Received GET request for /tasks/?date=2024-11-03","timestamp":"2024-11-03T16:22:39.025Z"}
{"level":"info","message":"Received GET request for /tasks/?status=0","timestamp":"2024-11-03T16:22:40.271Z"}
{"level":"info","message":"Received GET request for /tasks/?status=0","timestamp":"2024-11-03T16:22:41.764Z"}
{"level":"info","message":"Received GET request for /tasks/?status=0","timestamp":"2024-11-03T16:22:42.282Z"}
{"level":"info","message":"Received GET request for /tasks/?status=0","timestamp":"2024-11-03T16:22:42.504Z"}
{"level":"info","message":"Received GET request for /tasks/?date=2024-11-03","timestamp":"2024-11-03T16:22:44.062Z"}
{"level":"info","message":"Received GET request for /tasks/?status=2","timestamp":"2024-11-03T16:22:44.576Z"}
{"level":"info","message":"Received GET request for /tasks/?status=0","timestamp":"2024-11-03T16:22:44.978Z"}
{"level":"info","message":"Received GET request for /tasks/?status=0","timestamp":"2024-11-03T16:22:45.699Z"}
{"level":"info","message":"Received GET request for /tasks/?status=0","timestamp":"2024-11-03T16:23:25.973Z"}
{"level":"info","message":"Received GET request for /tasks?status=1","timestamp":"2024-11-04T16:57:11.947Z"}
{"level":"info","message":"Received GET request for /tasks/?date=2024-11-04","timestamp":"2024-11-04T16:57:24.375Z"}
{"level":"info","message":"Received GET request for /tasks?status=1","timestamp":"2024-11-04T16:57:25.239Z"}
{"level":"info","message":"Received GET request for /tasks/?status=2","timestamp":"2024-11-04T16:57:26.209Z"}
{"level":"info","message":"Received GET request for /tasks/?status=0","timestamp":"2024-11-04T16:57:26.824Z"}
{"level":"info","message":"Received GET request for /tasks/?status=2","timestamp":"2024-11-04T16:57:29.470Z"}
{"level":"info","message":"Received GET request for /tasks/?date=2024-11-04","timestamp":"2024-11-04T16:57:30.207Z"}
{"level":"info","message":"Received GET request for /tasks?status=1","timestamp":"2024-11-04T16:57:30.954Z"}
{"level":"info","message":"Received OPTIONS request for /tasks","timestamp":"2024-11-04T17:00:39.846Z"}
{"level":"info","message":"Received POST request for /tasks","timestamp":"2024-11-04T17:00:39.866Z"}
{"level":"info","message":"Task created successfully","timestamp":"2024-11-04T17:00:39.890Z"}
{"level":"info","message":"Received GET request for /tasks?status=1","timestamp":"2024-11-04T17:00:47.282Z"}
{"level":"info","message":"Received GET request for /tasks?status=1","timestamp":"2024-11-04T17:00:55.017Z"}
{"level":"info","message":"Received GET request for /tasks/?status=2","timestamp":"2024-11-04T17:00:58.352Z"}
{"level":"info","message":"Received GET request for /tasks/?status=0","timestamp":"2024-11-04T17:00:59.920Z"}
{"level":"info","message":"Received GET request for /tasks/?date=2024-11-04","timestamp":"2024-11-04T17:01:00.683Z"}
{"level":"info","message":"Received GET request for /tasks?status=1","timestamp":"2024-11-04T17:01:01.535Z"}
{"level":"info","message":"Received OPTIONS request for /tasks/6728fdb75bbbcbb30da1eb7e","timestamp":"2024-11-04T17:01:04.908Z"}
{"level":"info","message":"Received DELETE request for /tasks/6728fdb75bbbcbb30da1eb7e","timestamp":"2024-11-04T17:01:04.911Z"}
{"level":"info","message":"Task 6728fdb75bbbcbb30da1eb7e deleted successfully","timestamp":"2024-11-04T17:01:04.924Z"}
{"level":"info","message":"Received GET request for /tasks?status=1","timestamp":"2024-11-04T17:01:04.927Z"}
{"level":"info","message":"Received GET request for /tasks/?status=0","timestamp":"2024-11-04T17:01:06.300Z"}
{"level":"info","message":"Received GET request for /tasks/?status=0","timestamp":"2024-11-04T17:01:06.886Z"}
{"level":"info","message":"Received GET request for /tasks?status=1","timestamp":"2024-11-04T17:01:08.843Z"}
{"level":"info","message":"Received GET request for /tasks?status=1","timestamp":"2024-11-04T17:01:59.027Z"}
{"level":"info","message":"Received GET request for /tasks/?status=2","timestamp":"2024-11-04T17:02:45.063Z"}
{"level":"info","message":"Received GET request for /tasks/?status=0","timestamp":"2024-11-04T17:02:45.526Z"}
{"level":"info","message":"Received GET request for /tasks/?date=2024-11-04","timestamp":"2024-11-04T17:02:46.450Z"}
{"level":"info","message":"Received GET request for /tasks/?status=2","timestamp":"2024-11-04T17:02:47.066Z"}
{"level":"info","message":"Received GET request for /tasks/?status=0","timestamp":"2024-11-04T17:02:47.533Z"}
{"level":"info","message":"Received GET request for /tasks/?date=2024-11-04","timestamp":"2024-11-04T17:02:48.267Z"}
{"level":"info","message":"Received GET request for /tasks/?status=2","timestamp":"2024-11-04T17:02:48.723Z"}
{"level":"info","message":"Received GET request for /tasks/?status=0","timestamp":"2024-11-04T17:02:49.162Z"}
{"level":"info","message":"Received GET request for /tasks/?date=2024-11-04","timestamp":"2024-11-04T17:02:49.769Z"}
{"level":"info","message":"Received GET request for /tasks/?status=2","timestamp":"2024-11-04T17:02:50.447Z"}
{"level":"info","message":"Received GET request for /tasks/?status=0","timestamp":"2024-11-04T17:02:50.880Z"}
{"level":"info","message":"Received GET request for /tasks/?status=2","timestamp":"2024-11-04T17:02:58.914Z"}
{"level":"info","message":"Received GET request for /tasks/?date=2024-11-04","timestamp":"2024-11-04T17:02:59.449Z"}
{"level":"info","message":"Received GET request for /tasks/?status=2","timestamp":"2024-11-04T17:02:59.948Z"}
{"level":"info","message":"Received GET request for /tasks/?status=0","timestamp":"2024-11-04T17:03:00.948Z"}
{"level":"info","message":"Received GET request for /tasks?status=1","timestamp":"2024-11-04T17:03:03.063Z"}
{"level":"info","message":"Received GET request for /tasks/?date=2024-11-04","timestamp":"2024-11-04T17:03:04.132Z"}
{"level":"info","message":"Received GET request for /tasks/?status=2","timestamp":"2024-11-04T17:03:05.498Z"}
{"level":"info","message":"Received GET request for /tasks/?status=0","timestamp":"2024-11-04T17:03:05.996Z"}
{"level":"info","message":"Received GET request for /tasks?status=1","timestamp":"2024-11-04T17:03:07.181Z"}
{"level":"info","message":"Received GET request for /tasks/?status=0","timestamp":"2024-11-04T17:06:46.145Z"}
{"level":"info","message":"Received GET request for /tasks/?status=0","timestamp":"2024-11-04T17:06:50.302Z"}
{"level":"info","message":"Received GET request for /tasks?status=1","timestamp":"2024-11-04T17:06:58.524Z"}
{"level":"info","message":"Received OPTIONS request for /tasks","timestamp":"2024-11-04T17:07:15.503Z"}
{"level":"info","message":"Received POST request for /tasks","timestamp":"2024-11-04T17:07:15.524Z"}
{"level":"info","message":"Task created successfully","timestamp":"2024-11-04T17:07:15.539Z"}
{"level":"info","message":"Received OPTIONS request for /tasks","timestamp":"2024-11-04T17:07:31.536Z"}
{"level":"info","message":"Received POST request for /tasks","timestamp":"2024-11-04T17:07:31.541Z"}
{"level":"info","message":"Task created successfully","timestamp":"2024-11-04T17:07:31.547Z"}
{"level":"info","message":"Received GET request for /tasks?status=1","timestamp":"2024-11-04T17:07:32.778Z"}
{"level":"info","message":"Received OPTIONS request for /status-update/6728ff431b54ce9f6c1b9815","timestamp":"2024-11-04T17:07:35.735Z"}
{"level":"info","message":"Received POST request for /status-update/6728ff431b54ce9f6c1b9815","timestamp":"2024-11-04T17:07:35.737Z"}
{"level":"info","message":"Task 6728ff431b54ce9f6c1b9815 deleted successfully","timestamp":"2024-11-04T17:07:35.749Z"}
{"level":"info","message":"Received GET request for /tasks?status=1","timestamp":"2024-11-04T17:07:35.752Z"}
{"level":"info","message":"Received GET request for /tasks/?status=2","timestamp":"2024-11-04T17:07:53.993Z"}
{"level":"info","message":"Received GET request for /tasks/?date=2024-11-04","timestamp":"2024-11-04T17:07:54.917Z"}
{"level":"info","message":"Received GET request for /tasks/?status=0","timestamp":"2024-11-04T17:07:55.931Z"}
{"level":"info","message":"Received GET request for /tasks/?status=0","timestamp":"2024-11-04T17:08:16.644Z"}
{"level":"info","message":"Received GET request for /tasks/?status=0","timestamp":"2024-11-04T17:08:17.603Z"}
{"level":"info","message":"Received GET request for /tasks/?status=2","timestamp":"2024-11-04T17:08:18.601Z"}
{"level":"info","message":"Received GET request for /tasks?status=1","timestamp":"2024-11-04T17:08:30.407Z"}
{"level":"info","message":"Received GET request for /tasks/?date=2024-11-04","timestamp":"2024-11-04T17:08:33.086Z"}
{"level":"info","message":"Received GET request for /tasks/?status=2","timestamp":"2024-11-04T17:08:35.276Z"}
{"level":"info","message":"Received GET request for /tasks?status=1","timestamp":"2024-11-04T17:08:36.043Z"}
{"level":"info","message":"Received GET request for /tasks/?date=2024-11-04","timestamp":"2024-11-04T17:08:37.375Z"}
{"level":"info","message":"Received GET request for /tasks/?status=2","timestamp":"2024-11-04T17:08:38.008Z"}
{"level":"info","message":"Received GET request for /tasks/?status=0","timestamp":"2024-11-04T17:08:38.729Z"}
{"level":"info","message":"Received OPTIONS request for /status-update/6728ff431b54ce9f6c1b9815","timestamp":"2024-11-04T17:08:41.380Z"}
{"level":"info","message":"Received POST request for /status-update/6728ff431b54ce9f6c1b9815","timestamp":"2024-11-04T17:08:41.386Z"}
{"level":"info","message":"Task 6728ff431b54ce9f6c1b9815 deleted successfully","timestamp":"2024-11-04T17:08:41.391Z"}
{"level":"info","message":"Received GET request for /tasks/?status=0","timestamp":"2024-11-04T17:08:41.394Z"}
{"level":"info","message":"Received GET request for /tasks/?status=0","timestamp":"2024-11-04T17:09:28.106Z"}
{"level":"info","message":"Received OPTIONS request for /status-update/6728ff431b54ce9f6c1b9815","timestamp":"2024-11-04T17:09:30.597Z"}
{"level":"info","message":"Received POST request for /status-update/6728ff431b54ce9f6c1b9815","timestamp":"2024-11-04T17:09:30.602Z"}
{"level":"info","message":"Task 6728ff431b54ce9f6c1b9815 deleted successfully","timestamp":"2024-11-04T17:09:30.607Z"}
{"level":"info","message":"Received GET request for /tasks/?status=0","timestamp":"2024-11-04T17:09:30.611Z"}
{"level":"info","message":"Received GET request for /tasks/?status=2","timestamp":"2024-11-04T17:09:32.192Z"}
{"level":"info","message":"Received GET request for /tasks/?date=2024-11-04","timestamp":"2024-11-04T17:09:33.340Z"}
{"level":"info","message":"Received GET request for /tasks?status=1","timestamp":"2024-11-04T17:09:35.794Z"}
{"level":"info","message":"Received GET request for /tasks?status=1","timestamp":"2024-11-04T17:09:36.994Z"}
{"level":"info","message":"Received GET request for /tasks?status=1","timestamp":"2024-11-04T17:09:45.791Z"}
{"level":"info","message":"Received GET request for /tasks/?status=0","timestamp":"2024-11-04T17:09:52.666Z"}
{"level":"info","message":"Received GET request for /tasks/?date=2024-11-04","timestamp":"2024-11-04T17:09:54.810Z"}
{"level":"info","message":"Received GET request for /tasks/?status=2","timestamp":"2024-11-04T17:09:58.234Z"}
{"level":"info","message":"Received GET request for /tasks?status=1","timestamp":"2024-11-04T17:10:03.891Z"}
{"level":"info","message":"Received OPTIONS request for /status-update/6728ff531b54ce9f6c1b9817","timestamp":"2024-11-04T17:10:08.282Z"}
{"level":"info","message":"Received POST request for /status-update/6728ff531b54ce9f6c1b9817","timestamp":"2024-11-04T17:10:08.290Z"}
{"level":"info","message":"Task 6728ff531b54ce9f6c1b9817 deleted successfully","timestamp":"2024-11-04T17:10:08.293Z"}
{"level":"info","message":"Received GET request for /tasks?status=1","timestamp":"2024-11-04T17:10:08.299Z"}
{"level":"info","message":"Received GET request for /tasks/?status=2","timestamp":"2024-11-04T17:10:13.492Z"}
{"level":"info","message":"Received GET request for /tasks/?date=2024-11-04","timestamp":"2024-11-04T17:10:14.358Z"}
{"level":"info","message":"Received GET request for /tasks/?status=2","timestamp":"2024-11-04T17:10:15.113Z"}
{"level":"info","message":"Received GET request for /tasks/?date=2024-11-04","timestamp":"2024-11-04T17:10:15.954Z"}
{"level":"info","message":"Received GET request for /tasks/?status=2","timestamp":"2024-11-04T17:10:16.489Z"}
{"level":"info","message":"Received GET request for /tasks/?date=2024-11-04","timestamp":"2024-11-04T17:10:17.174Z"}
{"level":"info","message":"Received OPTIONS request for /status-update/6728ff431b54ce9f6c1b9815","timestamp":"2024-11-04T17:10:18.310Z"}
{"level":"info","message":"Received POST request for /status-update/6728ff431b54ce9f6c1b9815","timestamp":"2024-11-04T17:10:18.312Z"}
{"level":"info","message":"Task 6728ff431b54ce9f6c1b9815 deleted successfully","timestamp":"2024-11-04T17:10:18.316Z"}
{"level":"info","message":"Received GET request for /tasks/?date=2024-11-04","timestamp":"2024-11-04T17:10:18.320Z"}
{"level":"info","message":"Received GET request for /tasks/?status=0","timestamp":"2024-11-04T17:10:26.518Z"}
{"level":"info","message":"Received GET request for /tasks/?date=2024-11-04","timestamp":"2024-11-04T17:10:29.800Z"}
{"level":"info","message":"Received GET request for /tasks/?status=2","timestamp":"2024-11-04T17:10:31.247Z"}
{"level":"info","message":"Received GET request for /tasks/?date=2024-11-04","timestamp":"2024-11-04T17:10:32.154Z"}
{"level":"info","message":"Received GET request for /tasks?status=1","timestamp":"2024-11-04T17:10:36.426Z"}
{"level":"info","message":"Received GET request for /tasks/?status=2","timestamp":"2024-11-04T17:10:37.655Z"}
{"level":"info","message":"Received GET request for /tasks/?status=0","timestamp":"2024-11-04T17:10:38.265Z"}
{"level":"info","message":"Received GET request for /tasks/?date=2024-11-04","timestamp":"2024-11-04T17:10:39.299Z"}
{"level":"info","message":"Received GET request for /tasks/?status=2","timestamp":"2024-11-04T17:10:40.054Z"}
{"level":"info","message":"Received GET request for /tasks/?status=0","timestamp":"2024-11-04T17:10:40.638Z"}
{"level":"info","message":"Received GET request for /tasks/?status=2","timestamp":"2024-11-04T17:10:41.403Z"}
{"level":"info","message":"Received OPTIONS request for /status-update/6728ff531b54ce9f6c1b9817","timestamp":"2024-11-04T17:10:50.619Z"}
{"level":"info","message":"Received POST request for /status-update/6728ff531b54ce9f6c1b9817","timestamp":"2024-11-04T17:10:50.624Z"}
{"level":"info","message":"Task 6728ff531b54ce9f6c1b9817 deleted successfully","timestamp":"2024-11-04T17:10:50.631Z"}
{"level":"info","message":"Received GET request for /tasks/?status=2","timestamp":"2024-11-04T17:10:50.637Z"}
{"level":"info","message":"Received GET request for /tasks/?date=2024-11-04","timestamp":"2024-11-04T17:11:42.243Z"}
{"level":"info","message":"Received OPTIONS request for /status-update/6728ff431b54ce9f6c1b9815","timestamp":"2024-11-04T17:11:45.669Z"}
{"level":"info","message":"Received POST request for /status-update/6728ff431b54ce9f6c1b9815","timestamp":"2024-11-04T17:11:45.689Z"}
{"level":"info","message":"Task 6728ff431b54ce9f6c1b9815 deleted successfully","timestamp":"2024-11-04T17:11:45.696Z"}
{"level":"info","message":"Received GET request for /tasks/?date=2024-11-04","timestamp":"2024-11-04T17:11:45.700Z"}
{"level":"info","message":"Received OPTIONS request for /status-update/6728ff431b54ce9f6c1b9815","timestamp":"2024-11-04T17:12:01.921Z"}
{"level":"info","message":"Received POST request for /status-update/6728ff431b54ce9f6c1b9815","timestamp":"2024-11-04T17:12:01.926Z"}
{"level":"info","message":"Task 6728ff431b54ce9f6c1b9815 deleted successfully","timestamp":"2024-11-04T17:12:01.931Z"}
{"level":"info","message":"Received GET request for /tasks/?date=2024-11-04","timestamp":"2024-11-04T17:12:01.938Z"}
{"level":"info","message":"Received GET request for /tasks/?status=0","timestamp":"2024-11-04T17:12:14.175Z"}
{"level":"info","message":"Received GET request for /tasks/?status=0","timestamp":"2024-11-04T17:12:15.416Z"}
{"level":"info","message":"Received GET request for /tasks/?status=2","timestamp":"2024-11-04T17:12:17.553Z"}
